<?xml version="1.0" encoding="UTF-8"?>
<testng-results skipped="0" failed="0" total="0" passed="0">
  <reporter-output>
  </reporter-output>
  <suite name="com.mensubiqua.intravita.RunCucumberTest" duration-ms="7" started-at="2017-10-25T09:28:12Z" finished-at="2017-10-25T09:28:12Z">
    <groups>
    </groups>
    <test name="Command line test" duration-ms="7" started-at="2017-10-25T09:28:12Z" finished-at="2017-10-25T09:28:12Z">
    </test> <!-- Command line test -->
  </suite> <!-- com.mensubiqua.intravita.RunCucumberTest -->
</testng-results>
